#
# A fatal error has been detected by the Java Runtime Environment:
#
#  EXCEPTION_ACCESS_VIOLATION (0xc0000005) at pc=0x000000006c8fbcb3, pid=4416, tid=0x0000000000000150
#
# JRE version: Java(TM) SE Runtime Environment (8.0_172-b11) (build 1.8.0_172-b11)
# Java VM: Java HotSpot(TM) 64-Bit Server VM (25.172-b11 mixed mode windows-amd64 compressed oops)
# Problematic frame:
# V  [jvm.dll+0x45bcb3]
#
# Failed to write core dump. Minidumps are not enabled by default on client versions of Windows
#
# If you would like to submit a bug report, please visit:
#   http://bugreport.java.com/bugreport/crash.jsp
#

---------------  T H R E A D  ---------------

Current thread (0x00000000148dc000):  JavaThread "C2 CompilerThread0" daemon [_thread_in_native, id=336, stack(0x0000000015910000,0x0000000015a10000)]

siginfo: ExceptionCode=0xc0000005, reading address 0xffffffffffffffff

Registers:
RAX=0x000000001800bcc0, RBX=0x0000000000000002, RCX=0x0000000000000050, RDX=0xbd00000017b80830
RSP=0x0000000015a0cd00, RBP=0x00000000000000a5, RSI=0x0000000000000003, RDI=0x00000000173f75f0
R8 =0x000000001800cb30, R9 =0x0000000000000008, R10=0x000000001701e700, R11=0x000000000000000a
R12=0x00000000161bc1a0, R13=0x000000001800cb70, R14=0x0000000000000000, R15=0x0000000017444de0
RIP=0x000000006c8fbcb3, EFLAGS=0x0000000000010293

Top of Stack: (sp=0x0000000015a0cd00)
0x0000000015a0cd00:   000000000000ec73 000000006c4ddfe6
0x0000000015a0cd10:   0000000017445550 000000006c91103d
0x0000000015a0cd20:   00000000fffffffc 000000006c4a0000
0x0000000015a0cd30:   00000000161c1cd0 00000000161c1cd0
0x0000000015a0cd40:   0000000015a0ec80 000000006c920e7b
0x0000000015a0cd50:   0000000015a0ce50 0000000000000000
0x0000000015a0cd60:   0000000017445550 0000000018282580
0x0000000015a0cd70:   0000000000000000 000000006c4cfc87
0x0000000015a0cd80:   0000000000000000 000000010008abe8
0x0000000015a0cd90:   0000000015a0ce40 000000010008ab00
0x0000000015a0cda0:   ffffffff16000070 0000000000000001
0x0000000015a0cdb0:   00000000161c1cd0 00001500fffffffc
0x0000000015a0cdc0:   0000000015a0ec80 00000005ffffffff
0x0000000015a0cdd0:   0000000000000000 0000000017444de0
0x0000000015a0cde0:   0000000000000000 0000000000000000
0x0000000015a0cdf0:   00000000140605c0 0000000015a0f830 

Instructions: (pc=0x000000006c8fbcb3)
0x000000006c8fbc93:   50 30 44 8b 5f 30 41 8b 6d 24 45 8b ce 45 85 db
0x000000006c8fbca3:   7e 35 4c 8b 47 48 0f 1f 80 00 00 00 00 49 8b 10
0x000000006c8fbcb3:   48 8b 42 08 48 85 c0 74 05 8b 48 24 eb 03 83 c9
0x000000006c8fbcc3:   ff 3b cd 75 06 4c 3b 52 10 74 52 41 ff c1 49 83 


Register to memory mapping:

RAX=0x000000001800bcc0 is an unknown value
RBX=0x0000000000000002 is an unknown value
RCX=0x0000000000000050 is an unknown value
RDX=0xbd00000017b80830 is an unknown value
RSP=0x0000000015a0cd00 is pointing into the stack for thread: 0x00000000148dc000
RBP=0x00000000000000a5 is an unknown value
RSI=0x0000000000000003 is an unknown value
RDI=0x00000000173f75f0 is an unknown value
R8 =0x000000001800cb30 is an unknown value
R9 =0x0000000000000008 is an unknown value
R10=0x000000001701e700 is an unknown value
R11=0x000000000000000a is an unknown value
R12=0x00000000161bc1a0 is an unknown value
R13=0x000000001800cb70 is an unknown value
R14=0x0000000000000000 is an unknown value
R15=0x0000000017444de0 is an unknown value


Stack: [0x0000000015910000,0x0000000015a10000],  sp=0x0000000015a0cd00,  free space=1011k
Native frames: (J=compiled Java code, j=interpreted, Vv=VM code, C=native code)
V  [jvm.dll+0x45bcb3]
V  [jvm.dll+0x480e7b]
V  [jvm.dll+0x482a93]
V  [jvm.dll+0x50d5cd]
V  [jvm.dll+0x5060b7]
V  [jvm.dll+0x506439]
V  [jvm.dll+0x5069cf]
V  [jvm.dll+0x45d230]
V  [jvm.dll+0x45d96a]
V  [jvm.dll+0x482b16]
V  [jvm.dll+0x50d5cd]
V  [jvm.dll+0x5060b7]
V  [jvm.dll+0x506439]
V  [jvm.dll+0x5069cf]
V  [jvm.dll+0x45d230]
V  [jvm.dll+0x482b16]
V  [jvm.dll+0x50d5cd]
V  [jvm.dll+0x5060b7]
V  [jvm.dll+0x506439]
V  [jvm.dll+0x5069cf]
V  [jvm.dll+0x45d230]
V  [jvm.dll+0x482b16]
V  [jvm.dll+0x50d5cd]
V  [jvm.dll+0x5060b7]
V  [jvm.dll+0x506439]
V  [jvm.dll+0x5069cf]
V  [jvm.dll+0x45d230]
V  [jvm.dll+0x4797f5]
V  [jvm.dll+0x45c2c2]
V  [jvm.dll+0xa68f2]
V  [jvm.dll+0xa723f]
V  [jvm.dll+0x24645f]
V  [jvm.dll+0x29ee4a]
C  [msvcr100.dll+0x21d9f]
C  [msvcr100.dll+0x21e3b]
C  [KERNEL32.DLL+0x13d2]
C  [ntdll.dll+0x154f4]


Current CompileTask:
C2:  35501 2318       4       com.android.dx.ssa.SCCP::run (298 bytes)


---------------  P R O C E S S  ---------------

Java Threads: ( => current thread )
  0x0000000016079000 JavaThread "pool-2-thread-1" [_thread_blocked, id=872, stack(0x0000000016310000,0x0000000016410000)]
  0x0000000016076000 JavaThread "pool-1-thread-1" [_thread_in_Java, id=2452, stack(0x0000000016210000,0x0000000016310000)]
  0x000000001493c000 JavaThread "Service Thread" daemon [_thread_blocked, id=4852, stack(0x0000000015b10000,0x0000000015c10000)]
  0x0000000014932800 JavaThread "C1 CompilerThread1" daemon [_thread_blocked, id=1848, stack(0x0000000015a10000,0x0000000015b10000)]
=>0x00000000148dc000 JavaThread "C2 CompilerThread0" daemon [_thread_in_native, id=336, stack(0x0000000015910000,0x0000000015a10000)]
  0x00000000148d9800 JavaThread "Attach Listener" daemon [_thread_blocked, id=3600, stack(0x0000000015810000,0x0000000015910000)]
  0x00000000148d6800 JavaThread "Signal Dispatcher" daemon [_thread_blocked, id=4744, stack(0x0000000015710000,0x0000000015810000)]
  0x00000000148c8800 JavaThread "Finalizer" daemon [_thread_blocked, id=5836, stack(0x0000000015510000,0x0000000015610000)]
  0x00000000148a7000 JavaThread "Reference Handler" daemon [_thread_blocked, id=5068, stack(0x0000000015410000,0x0000000015510000)]
  0x000000000229e800 JavaThread "main" [_thread_in_Java, id=3188, stack(0x0000000002190000,0x0000000002290000)]

Other Threads:
  0x00000000148a5000 VMThread [stack: 0x0000000015310000,0x0000000015410000] [id=1480]
  0x000000001493f000 WatcherThread [stack: 0x0000000015d10000,0x0000000015e10000] [id=1648]

VM state:not at safepoint (normal execution)

VM Mutex/Monitor currently owned by a thread: None

Heap:
 PSYoungGen      total 256512K, used 121775K [0x00000000eab00000, 0x00000000ffa00000, 0x0000000100000000)
  eden space 217088K, 38% used [0x00000000eab00000,0x00000000efba0130,0x00000000f7f00000)
  from space 39424K, 99% used [0x00000000fd380000,0x00000000ff9cbc18,0x00000000ffa00000)
  to   space 50688K, 0% used [0x00000000f9700000,0x00000000f9700000,0x00000000fc880000)
 ParOldGen       total 122368K, used 76120K [0x00000000c0000000, 0x00000000c7780000, 0x00000000eab00000)
  object space 122368K, 62% used [0x00000000c0000000,0x00000000c4a56028,0x00000000c7780000)
 Metaspace       used 6687K, capacity 7256K, committed 7424K, reserved 1056768K
  class space    used 638K, capacity 656K, committed 768K, reserved 1048576K

Card table byte_map: [0x0000000011810000,0x0000000011a20000] byte_map_base: 0x0000000011210000

Marking Bits: (ParMarkBitMap*) 0x000000006ccc3c10
 Begin Bits: [0x0000000011d80000, 0x0000000012d80000)
 End Bits:   [0x0000000012d80000, 0x0000000013d80000)

Polling page: 0x00000000022a0000

CodeCache: size=245760Kb used=9446Kb max_used=10201Kb free=236313Kb
 bounds [0x0000000002450000, 0x0000000002e90000, 0x0000000011450000]
 total_blobs=2183 nmethods=1912 adapters=183
 compilation: enabled

Compilation events (10 events):
Event: 34.637 Thread 0x00000000148dc000 nmethod 2307 0x0000000002c63310 code [0x0000000002c63540, 0x0000000002c64b98]
Event: 34.637 Thread 0x00000000148dc000 2375       4       com.android.dx.ssa.SsaMethod::deleteInsns (239 bytes)
Event: 34.742 Thread 0x00000000148dc000 nmethod 2375 0x0000000002e34490 code [0x0000000002e346c0, 0x0000000002e36438]
Event: 34.742 Thread 0x00000000148dc000 2306       4       com.android.dx.ssa.SsaMethod::makeExitBlock (134 bytes)
Event: 34.864 Thread 0x00000000148dc000 nmethod 2306 0x00000000026b8a50 code [0x00000000026b8c80, 0x00000000026ba3e8]
Event: 34.864 Thread 0x00000000148dc000 2378       4       com.android.dx.ssa.BasicRegisterMapper::addMapping (68 bytes)
Event: 34.881 Thread 0x00000000148dc000 nmethod 2378 0x0000000002bf0290 code [0x0000000002bf03e0, 0x0000000002bf0818]
Event: 34.881 Thread 0x00000000148dc000 2304       4       com.android.dx.cf.code.BytecodeArray::processWorkSet (50 bytes)
Event: 34.891 Thread 0x00000000148dc000 nmethod 2304 0x0000000002a5f410 code [0x0000000002a5f560, 0x0000000002a5f788]
Event: 34.891 Thread 0x00000000148dc000 2318       4       com.android.dx.ssa.SCCP::run (298 bytes)

GC Heap History (10 events):
Event: 12.759 GC heap before
{Heap before GC invocations=7 (full 0):
 PSYoungGen      total 108032K, used 108025K [0x00000000eab00000, 0x00000000f2a00000, 0x0000000100000000)
  eden space 93696K, 100% used [0x00000000eab00000,0x00000000f0680000,0x00000000f0680000)
  from space 14336K, 99% used [0x00000000f1700000,0x00000000f24fe790,0x00000000f2500000)
  to   space 16896K, 0% used [0x00000000f0680000,0x00000000f0680000,0x00000000f1700000)
 ParOldGen       total 62976K, used 24521K [0x00000000c0000000, 0x00000000c3d80000, 0x00000000eab00000)
  object space 62976K, 38% used [0x00000000c0000000,0x00000000c17f27c0,0x00000000c3d80000)
 Metaspace       used 6496K, capacity 7128K, committed 7424K, reserved 1056768K
  class space    used 626K, capacity 656K, committed 768K, reserved 1048576K
Event: 13.104 GC heap after
Heap after GC invocations=7 (full 0):
 PSYoungGen      total 110592K, used 16874K [0x00000000eab00000, 0x00000000f9400000, 0x0000000100000000)
  eden space 93696K, 0% used [0x00000000eab00000,0x00000000eab00000,0x00000000f0680000)
  from space 16896K, 99% used [0x00000000f0680000,0x00000000f16faae0,0x00000000f1700000)
  to   space 25600K, 0% used [0x00000000f7b00000,0x00000000f7b00000,0x00000000f9400000)
 ParOldGen       total 62976K, used 36625K [0x00000000c0000000, 0x00000000c3d80000, 0x00000000eab00000)
  object space 62976K, 58% used [0x00000000c0000000,0x00000000c23c4408,0x00000000c3d80000)
 Metaspace       used 6496K, capacity 7128K, committed 7424K, reserved 1056768K
  class space    used 626K, capacity 656K, committed 768K, reserved 1048576K
}
Event: 16.588 GC heap before
{Heap before GC invocations=8 (full 0):
 PSYoungGen      total 110592K, used 110570K [0x00000000eab00000, 0x00000000f9400000, 0x0000000100000000)
  eden space 93696K, 100% used [0x00000000eab00000,0x00000000f0680000,0x00000000f0680000)
  from space 16896K, 99% used [0x00000000f0680000,0x00000000f16faae0,0x00000000f1700000)
  to   space 25600K, 0% used [0x00000000f7b00000,0x00000000f7b00000,0x00000000f9400000)
 ParOldGen       total 62976K, used 36625K [0x00000000c0000000, 0x00000000c3d80000, 0x00000000eab00000)
  object space 62976K, 58% used [0x00000000c0000000,0x00000000c23c4408,0x00000000c3d80000)
 Metaspace       used 6623K, capacity 7256K, committed 7424K, reserved 1056768K
  class space    used 638K, capacity 656K, committed 768K, reserved 1048576K
Event: 16.914 GC heap after
Heap after GC invocations=8 (full 0):
 PSYoungGen      total 206848K, used 25570K [0x00000000eab00000, 0x00000000fa000000, 0x0000000100000000)
  eden space 181248K, 0% used [0x00000000eab00000,0x00000000eab00000,0x00000000f5c00000)
  from space 25600K, 99% used [0x00000000f7b00000,0x00000000f93f89b0,0x00000000f9400000)
  to   space 31744K, 0% used [0x00000000f5c00000,0x00000000f5c00000,0x00000000f7b00000)
 ParOldGen       total 62976K, used 40256K [0x00000000c0000000, 0x00000000c3d80000, 0x00000000eab00000)
  object space 62976K, 63% used [0x00000000c0000000,0x00000000c2750228,0x00000000c3d80000)
 Metaspace       used 6623K, capacity 7256K, committed 7424K, reserved 1056768K
  class space    used 638K, capacity 656K, committed 768K, reserved 1048576K
}
Event: 22.986 GC heap before
{Heap before GC invocations=9 (full 0):
 PSYoungGen      total 206848K, used 206818K [0x00000000eab00000, 0x00000000fa000000, 0x0000000100000000)
  eden space 181248K, 100% used [0x00000000eab00000,0x00000000f5c00000,0x00000000f5c00000)
  from space 25600K, 99% used [0x00000000f7b00000,0x00000000f93f89b0,0x00000000f9400000)
  to   space 31744K, 0% used [0x00000000f5c00000,0x00000000f5c00000,0x00000000f7b00000)
 ParOldGen       total 62976K, used 40256K [0x00000000c0000000, 0x00000000c3d80000, 0x00000000eab00000)
  object space 62976K, 63% used [0x00000000c0000000,0x00000000c2750228,0x00000000c3d80000)
 Metaspace       used 6663K, capacity 7256K, committed 7424K, reserved 1056768K
  class space    used 638K, capacity 656K, committed 768K, reserved 1048576K
Event: 23.267 GC heap after
Heap after GC invocations=9 (full 0):
 PSYoungGen      total 212992K, used 31724K [0x00000000eab00000, 0x0000000100000000, 0x0000000100000000)
  eden space 181248K, 0% used [0x00000000eab00000,0x00000000eab00000,0x00000000f5c00000)
  from space 31744K, 99% used [0x00000000f5c00000,0x00000000f7afb2c0,0x00000000f7b00000)
  to   space 45568K, 0% used [0x00000000fd380000,0x00000000fd380000,0x0000000100000000)
 ParOldGen       total 62976K, used 62156K [0x00000000c0000000, 0x00000000c3d80000, 0x00000000eab00000)
  object space 62976K, 98% used [0x00000000c0000000,0x00000000c3cb3248,0x00000000c3d80000)
 Metaspace       used 6663K, capacity 7256K, committed 7424K, reserved 1056768K
  class space    used 638K, capacity 656K, committed 768K, reserved 1048576K
}
Event: 23.267 GC heap before
{Heap before GC invocations=10 (full 1):
 PSYoungGen      total 212992K, used 31724K [0x00000000eab00000, 0x0000000100000000, 0x0000000100000000)
  eden space 181248K, 0% used [0x00000000eab00000,0x00000000eab00000,0x00000000f5c00000)
  from space 31744K, 99% used [0x00000000f5c00000,0x00000000f7afb2c0,0x00000000f7b00000)
  to   space 45568K, 0% used [0x00000000fd380000,0x00000000fd380000,0x0000000100000000)
 ParOldGen       total 62976K, used 62156K [0x00000000c0000000, 0x00000000c3d80000, 0x00000000eab00000)
  object space 62976K, 98% used [0x00000000c0000000,0x00000000c3cb3248,0x00000000c3d80000)
 Metaspace       used 6663K, capacity 7256K, committed 7424K, reserved 1056768K
  class space    used 638K, capacity 656K, committed 768K, reserved 1048576K
Event: 27.038 GC heap after
Heap after GC invocations=10 (full 1):
 PSYoungGen      total 212992K, used 25495K [0x00000000eab00000, 0x0000000100000000, 0x0000000100000000)
  eden space 181248K, 0% used [0x00000000eab00000,0x00000000eab00000,0x00000000f5c00000)
  from space 31744K, 80% used [0x00000000f5c00000,0x00000000f74e5c38,0x00000000f7b00000)
  to   space 45568K, 0% used [0x00000000fd380000,0x00000000fd380000,0x0000000100000000)
 ParOldGen       total 122368K, used 62960K [0x00000000c0000000, 0x00000000c7780000, 0x00000000eab00000)
  object space 122368K, 51% used [0x00000000c0000000,0x00000000c3d7c380,0x00000000c7780000)
 Metaspace       used 6663K, capacity 7256K, committed 7424K, reserved 1056768K
  class space    used 638K, capacity 656K, committed 768K, reserved 1048576K
}
Event: 32.564 GC heap before
{Heap before GC invocations=11 (full 1):
 PSYoungGen      total 212992K, used 206743K [0x00000000eab00000, 0x0000000100000000, 0x0000000100000000)
  eden space 181248K, 100% used [0x00000000eab00000,0x00000000f5c00000,0x00000000f5c00000)
  from space 31744K, 80% used [0x00000000f5c00000,0x00000000f74e5c38,0x00000000f7b00000)
  to   space 45568K, 0% used [0x00000000fd380000,0x00000000fd380000,0x0000000100000000)
 ParOldGen       total 122368K, used 62960K [0x00000000c0000000, 0x00000000c7780000, 0x00000000eab00000)
  object space 122368K, 51% used [0x00000000c0000000,0x00000000c3d7c380,0x00000000c7780000)
 Metaspace       used 6679K, capacity 7256K, committed 7424K, reserved 1056768K
  class space    used 638K, capacity 656K, committed 768K, reserved 1048576K
Event: 33.203 GC heap after
Heap after GC invocations=11 (full 1):
 PSYoungGen      total 256512K, used 39215K [0x00000000eab00000, 0x00000000ffa00000, 0x0000000100000000)
  eden space 217088K, 0% used [0x00000000eab00000,0x00000000eab00000,0x00000000f7f00000)
  from space 39424K, 99% used [0x00000000fd380000,0x00000000ff9cbc18,0x00000000ffa00000)
  to   space 50688K, 0% used [0x00000000f9700000,0x00000000f9700000,0x00000000fc880000)
 ParOldGen       total 122368K, used 76120K [0x00000000c0000000, 0x00000000c7780000, 0x00000000eab00000)
  object space 122368K, 62% used [0x00000000c0000000,0x00000000c4a56028,0x00000000c7780000)
 Metaspace       used 6679K, capacity 7256K, committed 7424K, reserved 1056768K
  class space    used 638K, capacity 656K, committed 768K, reserved 1048576K
}

Deoptimization events (10 events):
Event: 20.724 Thread 0x000000000229e800 Uncommon trap: reason=unstable_if action=reinterpret pc=0x00000000026d5b34 method=com.android.dx.ssa.LiteralOpUpgrader$1.visitNonMoveInsn(Lcom/android/dx/ssa/NormalSsaInsn;)V @ 151
Event: 20.724 Thread 0x000000000229e800 Uncommon trap: reason=bimorphic action=maybe_recompile pc=0x0000000002be13d4 method=java.util.HashMap.getNode(ILjava/lang/Object;)Ljava/util/HashMap$Node; @ 126
Event: 20.795 Thread 0x000000000229e800 Uncommon trap: reason=bimorphic action=maybe_recompile pc=0x0000000002be13d4 method=java.util.HashMap.getNode(ILjava/lang/Object;)Ljava/util/HashMap$Node; @ 126
Event: 28.656 Thread 0x0000000016076000 Uncommon trap: reason=unstable_if action=reinterpret pc=0x0000000002832ff0 method=com.android.dx.ssa.SsaMethod.getExitBlock()Lcom/android/dx/ssa/SsaBasicBlock; @ 4
Event: 28.701 Thread 0x000000000229e800 Uncommon trap: reason=unstable_if action=reinterpret pc=0x00000000028941d4 method=com.android.dx.ssa.NormalSsaInsn.getLocalAssignment()Lcom/android/dx/rop/code/RegisterSpec; @ 12
Event: 29.029 Thread 0x000000000229e800 Uncommon trap: reason=unstable_if action=reinterpret pc=0x00000000027559c0 method=com.android.dx.rop.code.RegisterSpec.equals(ILcom/android/dx/rop/type/TypeBearer;Lcom/android/dx/rop/code/LocalItem;)Z @ 42
Event: 29.264 Thread 0x000000000229e800 Uncommon trap: reason=unstable_if action=reinterpret pc=0x000000000281d8a0 method=com.android.dx.dex.code.RopTranslator.pickOrder()V @ 130
Event: 33.277 Thread 0x000000000229e800 Uncommon trap: reason=unstable_if action=reinterpret pc=0x0000000002679a84 method=com.android.dx.ssa.SCCP.simulateBranch(Lcom/android/dx/ssa/SsaInsn;)V @ 548
Event: 33.911 Thread 0x0000000016076000 Uncommon trap: reason=unstable_if action=reinterpret pc=0x0000000002c5ff44 method=com.android.dx.cf.code.ByteCatchList.listFor(I)Lcom/android/dx/cf/code/ByteCatchList; @ 47
Event: 33.911 Thread 0x0000000016076000 Uncommon trap: reason=unstable_if action=reinterpret pc=0x0000000002c5a7cc method=com.android.dx.cf.code.ByteCatchList.listFor(I)Lcom/android/dx/cf/code/ByteCatchList; @ 47

Classes redefined (0 events):
No events

Internal exceptions (8 events):
Event: 0.112 Thread 0x000000000229e800 Exception <a 'java/lang/NoSuchMethodError': Method sun.misc.Unsafe.defineClass(Ljava/lang/String;[BII)Ljava/lang/Class; name or signature does not match> (0x00000000eab07cb0) thrown at [C:\re\workspace\8-2-build-windows-amd64-cygwin\jdk8u172\10810\hotspot
Event: 0.112 Thread 0x000000000229e800 Exception <a 'java/lang/NoSuchMethodError': Method sun.misc.Unsafe.prefetchRead(Ljava/lang/Object;J)V name or signature does not match> (0x00000000eab07f98) thrown at [C:\re\workspace\8-2-build-windows-amd64-cygwin\jdk8u172\10810\hotspot\src\share\vm\prim
Event: 0.307 Thread 0x000000000229e800 Exception <a 'java/io/FileNotFoundException'> (0x00000000eab57308) thrown at [C:\re\workspace\8-2-build-windows-amd64-cygwin\jdk8u172\10810\hotspot\src\share\vm\prims\jni.cpp, line 709]
Event: 9.765 Thread 0x0000000016076000 Exception <a 'java/lang/ArrayIndexOutOfBoundsException': 18> (0x00000000ebb1ce18) thrown at [C:\re\workspace\8-2-build-windows-amd64-cygwin\jdk8u172\10810\hotspot\src\share\vm\interpreter\interpreterRuntime.cpp, line 366]
Event: 9.766 Thread 0x0000000016076000 Exception <a 'java/lang/ArrayIndexOutOfBoundsException'> (0x00000000ebb1e998) thrown at [C:\re\workspace\8-2-build-windows-amd64-cygwin\jdk8u172\10810\hotspot\src\share\vm\runtime\sharedRuntime.cpp, line 605]
Event: 9.769 Thread 0x0000000016076000 Exception <a 'java/lang/ArrayIndexOutOfBoundsException'> (0x00000000ebb1fc80) thrown at [C:\re\workspace\8-2-build-windows-amd64-cygwin\jdk8u172\10810\hotspot\src\share\vm\runtime\sharedRuntime.cpp, line 605]
Event: 14.121 Thread 0x000000000229e800 Implicit null exception at 0x00000000028797a2 to 0x0000000002879892
Event: 15.607 Thread 0x0000000016076000 Implicit null exception at 0x0000000002bde28d to 0x0000000002bdeb99

Events (10 events):
Event: 34.264 Thread 0x000000000229e800 DEOPT PACKING pc=0x0000000002cf8795 sp=0x000000000228dcc0
Event: 34.264 Thread 0x000000000229e800 DEOPT UNPACKING pc=0x0000000002497890 sp=0x000000000228db50 mode 0
Event: 34.392 Thread 0x0000000016076000 DEOPT PACKING pc=0x0000000002adcbef sp=0x000000001630efb0
Event: 34.392 Thread 0x0000000016076000 DEOPT UNPACKING pc=0x0000000002497890 sp=0x000000001630ecf0 mode 0
Event: 34.469 Thread 0x0000000016076000 DEOPT PACKING pc=0x0000000002a9e0c7 sp=0x000000001630ec30
Event: 34.469 Thread 0x0000000016076000 DEOPT UNPACKING pc=0x0000000002497890 sp=0x000000001630ea30 mode 0
Event: 34.543 Thread 0x000000000229e800 DEOPT PACKING pc=0x0000000002a9e0c7 sp=0x000000000228e460
Event: 34.543 Thread 0x000000000229e800 DEOPT UNPACKING pc=0x0000000002497890 sp=0x000000000228e260 mode 0
Event: 34.735 Thread 0x000000000229e800 DEOPT PACKING pc=0x0000000002a9e0c7 sp=0x000000000228e460
Event: 34.735 Thread 0x000000000229e800 DEOPT UNPACKING pc=0x0000000002497890 sp=0x000000000228e260 mode 0


Dynamic libraries:
0x00007ff735f40000 - 0x00007ff735f77000 	C:\Program Files\Java\jdk1.8.0_172\bin\java.exe
0x00007ff8a8160000 - 0x00007ff8a830d000 	C:\WINDOWS\SYSTEM32\ntdll.dll
0x00007ff8a6670000 - 0x00007ff8a67ae000 	C:\WINDOWS\system32\KERNEL32.DLL
0x00007ff8a55f0000 - 0x00007ff8a5706000 	C:\WINDOWS\system32\KERNELBASE.dll
0x00007ff8a3e50000 - 0x00007ff8a3ede000 	C:\WINDOWS\system32\apphelp.dll
0x00007ff896270000 - 0x00007ff8962c3000 	C:\WINDOWS\AppPatch\AppPatch64\AcGenral.DLL
0x00007ff8a57f0000 - 0x00007ff8a589a000 	C:\WINDOWS\system32\msvcrt.dll
0x00007ff8a5710000 - 0x00007ff8a573e000 	C:\WINDOWS\system32\SspiCli.dll
0x00007ff8a5f70000 - 0x00007ff8a5fc4000 	C:\WINDOWS\system32\SHLWAPI.dll
0x00007ff8a7f00000 - 0x00007ff8a8077000 	C:\WINDOWS\system32\USER32.dll
0x00007ff8a5dd0000 - 0x00007ff8a5f64000 	C:\WINDOWS\system32\ole32.dll
0x00007ff8a69d0000 - 0x00007ff8a7efc000 	C:\WINDOWS\system32\SHELL32.dll
0x00007ff8a4850000 - 0x00007ff8a4871000 	C:\WINDOWS\SYSTEM32\USERENV.dll
0x00007ff8a59e0000 - 0x00007ff8a5a8a000 	C:\WINDOWS\system32\ADVAPI32.dll
0x00007ff89d9f0000 - 0x00007ff89da0e000 	C:\WINDOWS\SYSTEM32\MPR.dll
0x00007ff8a58a0000 - 0x00007ff8a59e0000 	C:\WINDOWS\system32\RPCRT4.dll
0x00007ff8a5bb0000 - 0x00007ff8a5c09000 	C:\WINDOWS\SYSTEM32\sechost.dll
0x00007ff8a67b0000 - 0x00007ff8a69c2000 	C:\WINDOWS\SYSTEM32\combase.dll
0x00007ff8a6520000 - 0x00007ff8a666b000 	C:\WINDOWS\system32\GDI32.dll
0x00007ff8a5290000 - 0x00007ff8a52a5000 	C:\WINDOWS\SYSTEM32\profapi.dll
0x00007ff8a3ae0000 - 0x00007ff8a3b92000 	C:\WINDOWS\SYSTEM32\SHCORE.dll
0x00007ff8a8120000 - 0x00007ff8a8156000 	C:\WINDOWS\system32\IMM32.DLL
0x00007ff8a63c0000 - 0x00007ff8a6511000 	C:\WINDOWS\system32\MSCTF.dll
0x00007ff8a2be0000 - 0x00007ff8a2e5b000 	C:\WINDOWS\WinSxS\amd64_microsoft.windows.common-controls_6595b64144ccf1df_6.0.9600.18006_none_623f33d3ecbe86e8\COMCTL32.dll
0x000000006cd50000 - 0x000000006ce22000 	C:\Program Files\Java\jdk1.8.0_172\jre\bin\msvcr100.dll
0x000000006c4a0000 - 0x000000006cd43000 	C:\Program Files\Java\jdk1.8.0_172\jre\bin\server\jvm.dll
0x00007ff892400000 - 0x00007ff892409000 	C:\WINDOWS\SYSTEM32\WSOCK32.dll
0x00007ff89d950000 - 0x00007ff89d972000 	C:\WINDOWS\SYSTEM32\WINMM.dll
0x00007ff89e7d0000 - 0x00007ff89e7da000 	C:\WINDOWS\SYSTEM32\VERSION.dll
0x00007ff8a5c10000 - 0x00007ff8a5c17000 	C:\WINDOWS\system32\PSAPI.DLL
0x00007ff8a80c0000 - 0x00007ff8a811a000 	C:\WINDOWS\system32\WS2_32.dll
0x00007ff89d3f0000 - 0x00007ff89d41a000 	C:\WINDOWS\SYSTEM32\WINMMBASE.dll
0x00007ff8a5fd0000 - 0x00007ff8a5fd9000 	C:\WINDOWS\system32\NSI.dll
0x00007ff8a5360000 - 0x00007ff8a53af000 	C:\WINDOWS\SYSTEM32\cfgmgr32.dll
0x00007ff8a40d0000 - 0x00007ff8a40f8000 	C:\WINDOWS\SYSTEM32\DEVOBJ.dll
0x000000006c490000 - 0x000000006c49f000 	C:\Program Files\Java\jdk1.8.0_172\jre\bin\verify.dll
0x000000006c460000 - 0x000000006c489000 	C:\Program Files\Java\jdk1.8.0_172\jre\bin\java.dll
0x000000006c440000 - 0x000000006c456000 	C:\Program Files\Java\jdk1.8.0_172\jre\bin\zip.dll
0x00007ff890b60000 - 0x00007ff890ce9000 	C:\WINDOWS\SYSTEM32\dbghelp.dll

VM Arguments:
jvm_args: -Xmx1G 
java_command: C:\Program Files (x86)\Android\android-sdk\build-tools\25.0.3\\lib\dx.jar --dex --no-strict --output obj\Debug\android\bin D:\Multiplataforma\FPM18\FPM18\Planeaciones\AppCocacolaNayMobiV2\AppCocacolaNayMobiV2.Android\obj\Debug\android\bin\classes.zip C:\Program Files (x86)\Microsoft Visual Studio\2017\Community\Common7\IDE\ReferenceAssemblies\Microsoft\Framework\MonoAndroid\v7.1\mono.android.jar obj\Debug\lp\22\jl\bin\classes.jar obj\Debug\lp\24\jl\bin\classes.jar obj\Debug\lp\25\jl\bin\classes.jar obj\Debug\lp\26\jl\bin\classes.jar obj\Debug\lp\27\jl\bin\classes.jar obj\Debug\lp\28\jl\bin\classes.jar obj\Debug\lp\29\jl\bin\classes.jar obj\Debug\lp\3\jl\formsviewgroup.jar obj\Debug\lp\30\jl\bin\classes.jar obj\Debug\lp\31\jl\bin\classes.jar obj\Debug\lp\32\jl\bin\classes.jar obj\Debug\lp\33\jl\bin\classes.jar obj\Debug\lp\34\jl\bin\classes.jar obj\Debug\lp\35\jl\bin\classes.jar obj\Debug\lp\36\jl\bin\classes.jar obj\Debug\lp\37\jl\bin\classes.jar
java_class_path (initial): C:\Program Files (x86)\Android\android-sdk\build-tools\25.0.3\\lib\dx.jar
Launcher Type: SUN_STANDARD

Environment Variables:
PATH=C:\Program Files\Java\jdk1.8.0_172\bin;C:\Program Files (x86)\Intel\iCLS Client\;C:\Program Files\Intel\iCLS Client\;C:\WINDOWS\system32;C:\WINDOWS;C:\WINDOWS\System32\Wbem;C:\WINDOWS\System32\WindowsPowerShell\v1.0\;C:\Program Files\Intel\Intel(R) Management Engine Components\DAL;C:\Program Files\Intel\Intel(R) Management Engine Components\IPT;C:\Program Files (x86)\Intel\Intel(R) Management Engine Components\DAL;C:\Program Files (x86)\Intel\Intel(R) Management Engine Components\IPT;C:\Program Files (x86)\Intel\OpenCL SDK\2.0\bin\x86;C:\Program Files (x86)\Intel\OpenCL SDK\2.0\bin\x64;C:\Program Files\dotnet\;C:\Program Files\Microsoft SQL Server\130\Tools\Binn\;C:\Program Files\Git\cmd
USERNAME=Angel
OS=Windows_NT
PROCESSOR_IDENTIFIER=Intel64 Family 6 Model 58 Stepping 9, GenuineIntel



---------------  S Y S T E M  ---------------

OS: Windows 8.1 , 64 bit Build 9600 (6.3.9600.17415)

CPU:total 2 (initial active 2) (2 cores per cpu, 2 threads per core) family 6 model 58 stepping 9, cmov, cx8, fxsr, mmx, sse, sse2, sse3, ssse3, sse4.1, sse4.2, popcnt, avx, clmul, erms, ht, tsc, tscinvbit, tscinv

Memory: 4k page, physical 5985824k(2362912k free), swap 12015140k(8249272k free)

vm_info: Java HotSpot(TM) 64-Bit Server VM (25.172-b11) for windows-amd64 JRE (1.8.0_172-b11), built on Mar 28 2018 21:21:52 by "java_re" with MS VC++ 10.0 (VS2010)

time: Sun May 27 22:57:08 2018
elapsed time: 35 seconds (0d 0h 0m 35s)

